Programming flash...
Running '/BlueLab41/tools/bin/make -R BLUELAB=/BlueLab41/tools -f blutunode.release.mak flash'...
/BlueLab41/tools/bin/createpath image
/BlueLab41/tools/bin/copyfile blutunode.app image/vm.app
/BlueLab41/tools/bin/packfile image image.fs
/BlueLab41/tools/bin/vmbuilder -size 8192 merge.xpv /BlueLab41/firmware/vm/unified/coyote/stack_unsigned.xpv image.fs
Filesystem uses 22865 words (124591 words of flash left with this firmware)
Merged files written to merge
/BlueLab41/tools/bin/pscli -trans 'SPITRANS=LPT SPIPORT=1' @bcsp @hci_onchip 
pscli -trans "SPITRANS=LPT SPIPORT=1" @bcsp @hci_onchip : concluded with Success
/BlueLab41/tools/bin/blueflashcmd -trans 'SPITRANS=LPT SPIPORT=1' merge
CSR BlueFlash Tool (Command Line) BlueSuite-2.1.1-Release

Copyright (C) 2002-2008 Cambridge Silicon Radio Ltd.

Resetting XAP
Burning Image.Download Unnecessary.
.
Result: Download Unnecessary.
Running Code!
Success
Finished.
